This is pdfTeX, Version 3.1415926-2.4-1.40.13 (MiKTeX 2.9 64-bit) (preloaded format=pdflatex 2013.5.13)  28 NOV 2013 02:21
entering extended mode
**t2 & bibtex t2 & bibtex t2 & pdflatex t2 & pdflatex t2 &

("C:\Users\matthias\Dropbox\cienciaDaComputacao\3° Semestre\Alpro III\T2 Alpro
 III\t2.tex"
LaTeX2e <2011/06/27>
Babel <v3.8m> and hyphenation patterns for english, afrikaans, ancientgreek, ar
abic, armenian, assamese, basque, bengali, bokmal, bulgarian, catalan, coptic, 
croatian, czech, danish, dutch, esperanto, estonian, farsi, finnish, french, ga
lician, german, german-x-2012-05-30, greek, gujarati, hindi, hungarian, iceland
ic, indonesian, interlingua, irish, italian, kannada, kurmanji, latin, latvian,
 lithuanian, malayalam, marathi, mongolian, mongolianlmc, monogreek, ngerman, n
german-x-2012-05-30, nynorsk, oriya, panjabi, pinyin, polish, portuguese, roman
ian, russian, sanskrit, serbian, slovak, slovenian, spanish, swedish, swissgerm
an, tamil, telugu, turkish, turkmen, ukenglish, ukrainian, uppersorbian, usengl
ishmax, welsh, loaded.
("C:\Program Files\MiKTeX 2.9\tex\latex\base\article.cls"
Document Class: article 2007/10/19 v1.4h Standard LaTeX document class
("C:\Program Files\MiKTeX 2.9\tex\latex\base\size12.clo"
File: size12.clo 2007/10/19 v1.4h Standard LaTeX file (size option)
)
\c@part=\count79
\c@section=\count80
\c@subsection=\count81
\c@subsubsection=\count82
\c@paragraph=\count83
\c@subparagraph=\count84
\c@figure=\count85
\c@table=\count86
\abovecaptionskip=\skip41
\belowcaptionskip=\skip42
\bibindent=\dimen102
)
("C:\Program Files\MiKTeX 2.9\tex\generic\babel\babel.sty"
Package: babel 2008/07/08 v3.8m The Babel package

*************************************
* Local config file bblopts.cfg used
*
("C:\Program Files\MiKTeX 2.9\tex\latex\00miktex\bblopts.cfg"
File: bblopts.cfg 2006/07/31 v1.0 MiKTeX 'babel' configuration
)
("C:\Program Files\MiKTeX 2.9\tex\generic\babel\portuges.ldf"
Language: portuges 2008/03/18 v1.2q Portuguese support from the babel system

("C:\Program Files\MiKTeX 2.9\tex\generic\babel\babel.def"
File: babel.def 2008/07/08 v3.8m Babel common definitions
\babel@savecnt=\count87
\U@D=\dimen103
)
\l@brazilian = a dialect from \language\l@portuges 
Package babel Info: Making " an active character on input line 145.
))
("C:\Program Files\MiKTeX 2.9\tex\latex\base\inputenc.sty"
Package: inputenc 2008/03/30 v1.1d Input encoding file
\inpenc@prehook=\toks14
\inpenc@posthook=\toks15

("C:\Program Files\MiKTeX 2.9\tex\latex\base\utf8.def"
File: utf8.def 2008/04/05 v1.1m UTF-8 support for inputenc
Now handling font encoding OML ...
... no UTF-8 mapping file for font encoding OML
Now handling font encoding T1 ...
... processing UTF-8 mapping file for font encoding T1

("C:\Program Files\MiKTeX 2.9\tex\latex\base\t1enc.dfu"
File: t1enc.dfu 2008/04/05 v1.1m UTF-8 support for inputenc
   defining Unicode char U+00A1 (decimal 161)
   defining Unicode char U+00A3 (decimal 163)
   defining Unicode char U+00AB (decimal 171)
   defining Unicode char U+00BB (decimal 187)
   defining Unicode char U+00BF (decimal 191)
   defining Unicode char U+00C0 (decimal 192)
   defining Unicode char U+00C1 (decimal 193)
   defining Unicode char U+00C2 (decimal 194)
   defining Unicode char U+00C3 (decimal 195)
   defining Unicode char U+00C4 (decimal 196)
   defining Unicode char U+00C5 (decimal 197)
   defining Unicode char U+00C6 (decimal 198)
   defining Unicode char U+00C7 (decimal 199)
   defining Unicode char U+00C8 (decimal 200)
   defining Unicode char U+00C9 (decimal 201)
   defining Unicode char U+00CA (decimal 202)
   defining Unicode char U+00CB (decimal 203)
   defining Unicode char U+00CC (decimal 204)
   defining Unicode char U+00CD (decimal 205)
   defining Unicode char U+00CE (decimal 206)
   defining Unicode char U+00CF (decimal 207)
   defining Unicode char U+00D0 (decimal 208)
   defining Unicode char U+00D1 (decimal 209)
   defining Unicode char U+00D2 (decimal 210)
   defining Unicode char U+00D3 (decimal 211)
   defining Unicode char U+00D4 (decimal 212)
   defining Unicode char U+00D5 (decimal 213)
   defining Unicode char U+00D6 (decimal 214)
   defining Unicode char U+00D8 (decimal 216)
   defining Unicode char U+00D9 (decimal 217)
   defining Unicode char U+00DA (decimal 218)
   defining Unicode char U+00DB (decimal 219)
   defining Unicode char U+00DC (decimal 220)
   defining Unicode char U+00DD (decimal 221)
   defining Unicode char U+00DE (decimal 222)
   defining Unicode char U+00DF (decimal 223)
   defining Unicode char U+00E0 (decimal 224)
   defining Unicode char U+00E1 (decimal 225)
   defining Unicode char U+00E2 (decimal 226)
   defining Unicode char U+00E3 (decimal 227)
   defining Unicode char U+00E4 (decimal 228)
   defining Unicode char U+00E5 (decimal 229)
   defining Unicode char U+00E6 (decimal 230)
   defining Unicode char U+00E7 (decimal 231)
   defining Unicode char U+00E8 (decimal 232)
   defining Unicode char U+00E9 (decimal 233)
   defining Unicode char U+00EA (decimal 234)
   defining Unicode char U+00EB (decimal 235)
   defining Unicode char U+00EC (decimal 236)
   defining Unicode char U+00ED (decimal 237)
   defining Unicode char U+00EE (decimal 238)
   defining Unicode char U+00EF (decimal 239)
   defining Unicode char U+00F0 (decimal 240)
   defining Unicode char U+00F1 (decimal 241)
   defining Unicode char U+00F2 (decimal 242)
   defining Unicode char U+00F3 (decimal 243)
   defining Unicode char U+00F4 (decimal 244)
   defining Unicode char U+00F5 (decimal 245)
   defining Unicode char U+00F6 (decimal 246)
   defining Unicode char U+00F8 (decimal 248)
   defining Unicode char U+00F9 (decimal 249)
   defining Unicode char U+00FA (decimal 250)
   defining Unicode char U+00FB (decimal 251)
   defining Unicode char U+00FC (decimal 252)
   defining Unicode char U+00FD (decimal 253)
   defining Unicode char U+00FE (decimal 254)
   defining Unicode char U+00FF (decimal 255)
   defining Unicode char U+0102 (decimal 258)
   defining Unicode char U+0103 (decimal 259)
   defining Unicode char U+0104 (decimal 260)
   defining Unicode char U+0105 (decimal 261)
   defining Unicode char U+0106 (decimal 262)
   defining Unicode char U+0107 (decimal 263)
   defining Unicode char U+010C (decimal 268)
   defining Unicode char U+010D (decimal 269)
   defining Unicode char U+010E (decimal 270)
   defining Unicode char U+010F (decimal 271)
   defining Unicode char U+0110 (decimal 272)
   defining Unicode char U+0111 (decimal 273)
   defining Unicode char U+0118 (decimal 280)
   defining Unicode char U+0119 (decimal 281)
   defining Unicode char U+011A (decimal 282)
   defining Unicode char U+011B (decimal 283)
   defining Unicode char U+011E (decimal 286)
   defining Unicode char U+011F (decimal 287)
   defining Unicode char U+0130 (decimal 304)
   defining Unicode char U+0131 (decimal 305)
   defining Unicode char U+0132 (decimal 306)
   defining Unicode char U+0133 (decimal 307)
   defining Unicode char U+0139 (decimal 313)
   defining Unicode char U+013A (decimal 314)
   defining Unicode char U+013D (decimal 317)
   defining Unicode char U+013E (decimal 318)
   defining Unicode char U+0141 (decimal 321)
   defining Unicode char U+0142 (decimal 322)
   defining Unicode char U+0143 (decimal 323)
   defining Unicode char U+0144 (decimal 324)
   defining Unicode char U+0147 (decimal 327)
   defining Unicode char U+0148 (decimal 328)
   defining Unicode char U+014A (decimal 330)
   defining Unicode char U+014B (decimal 331)
   defining Unicode char U+0150 (decimal 336)
   defining Unicode char U+0151 (decimal 337)
   defining Unicode char U+0152 (decimal 338)
   defining Unicode char U+0153 (decimal 339)
   defining Unicode char U+0154 (decimal 340)
   defining Unicode char U+0155 (decimal 341)
   defining Unicode char U+0158 (decimal 344)
   defining Unicode char U+0159 (decimal 345)
   defining Unicode char U+015A (decimal 346)
   defining Unicode char U+015B (decimal 347)
   defining Unicode char U+015E (decimal 350)
   defining Unicode char U+015F (decimal 351)
   defining Unicode char U+0160 (decimal 352)
   defining Unicode char U+0161 (decimal 353)
   defining Unicode char U+0162 (decimal 354)
   defining Unicode char U+0163 (decimal 355)
   defining Unicode char U+0164 (decimal 356)
   defining Unicode char U+0165 (decimal 357)
   defining Unicode char U+016E (decimal 366)
   defining Unicode char U+016F (decimal 367)
   defining Unicode char U+0170 (decimal 368)
   defining Unicode char U+0171 (decimal 369)
   defining Unicode char U+0178 (decimal 376)
   defining Unicode char U+0179 (decimal 377)
   defining Unicode char U+017A (decimal 378)
   defining Unicode char U+017B (decimal 379)
   defining Unicode char U+017C (decimal 380)
   defining Unicode char U+017D (decimal 381)
   defining Unicode char U+017E (decimal 382)
   defining Unicode char U+200C (decimal 8204)
   defining Unicode char U+2013 (decimal 8211)
   defining Unicode char U+2014 (decimal 8212)
   defining Unicode char U+2018 (decimal 8216)
   defining Unicode char U+2019 (decimal 8217)
   defining Unicode char U+201A (decimal 8218)
   defining Unicode char U+201C (decimal 8220)
   defining Unicode char U+201D (decimal 8221)
   defining Unicode char U+201E (decimal 8222)
   defining Unicode char U+2030 (decimal 8240)
   defining Unicode char U+2031 (decimal 8241)
   defining Unicode char U+2039 (decimal 8249)
   defining Unicode char U+203A (decimal 8250)
   defining Unicode char U+2423 (decimal 9251)
)
Now handling font encoding OT1 ...
... processing UTF-8 mapping file for font encoding OT1

("C:\Program Files\MiKTeX 2.9\tex\latex\base\ot1enc.dfu"
File: ot1enc.dfu 2008/04/05 v1.1m UTF-8 support for inputenc
   defining Unicode char U+00A1 (decimal 161)
   defining Unicode char U+00A3 (decimal 163)
   defining Unicode char U+00B8 (decimal 184)
   defining Unicode char U+00BF (decimal 191)
   defining Unicode char U+00C5 (decimal 197)
   defining Unicode char U+00C6 (decimal 198)
   defining Unicode char U+00D8 (decimal 216)
   defining Unicode char U+00DF (decimal 223)
   defining Unicode char U+00E6 (decimal 230)
   defining Unicode char U+00EC (decimal 236)
   defining Unicode char U+00ED (decimal 237)
   defining Unicode char U+00EE (decimal 238)
   defining Unicode char U+00EF (decimal 239)
   defining Unicode char U+00F8 (decimal 248)
   defining Unicode char U+0131 (decimal 305)
   defining Unicode char U+0141 (decimal 321)
   defining Unicode char U+0142 (decimal 322)
   defining Unicode char U+0152 (decimal 338)
   defining Unicode char U+0153 (decimal 339)
   defining Unicode char U+2013 (decimal 8211)
   defining Unicode char U+2014 (decimal 8212)
   defining Unicode char U+2018 (decimal 8216)
   defining Unicode char U+2019 (decimal 8217)
   defining Unicode char U+201C (decimal 8220)
   defining Unicode char U+201D (decimal 8221)
)
Now handling font encoding OMS ...
... processing UTF-8 mapping file for font encoding OMS

("C:\Program Files\MiKTeX 2.9\tex\latex\base\omsenc.dfu"
File: omsenc.dfu 2008/04/05 v1.1m UTF-8 support for inputenc
   defining Unicode char U+00A7 (decimal 167)
   defining Unicode char U+00B6 (decimal 182)
   defining Unicode char U+00B7 (decimal 183)
   defining Unicode char U+2020 (decimal 8224)
   defining Unicode char U+2021 (decimal 8225)
   defining Unicode char U+2022 (decimal 8226)
)
Now handling font encoding OMX ...
... no UTF-8 mapping file for font encoding OMX
Now handling font encoding U ...
... no UTF-8 mapping file for font encoding U
   defining Unicode char U+00A9 (decimal 169)
   defining Unicode char U+00AA (decimal 170)
   defining Unicode char U+00AE (decimal 174)
   defining Unicode char U+00BA (decimal 186)
   defining Unicode char U+02C6 (decimal 710)
   defining Unicode char U+02DC (decimal 732)
   defining Unicode char U+200C (decimal 8204)
   defining Unicode char U+2026 (decimal 8230)
   defining Unicode char U+2122 (decimal 8482)
   defining Unicode char U+2423 (decimal 9251)
))
("C:\Program Files\MiKTeX 2.9\tex\latex\base\fontenc.sty"
Package: fontenc 2005/09/27 v1.99g Standard LaTeX package

("C:\Program Files\MiKTeX 2.9\tex\latex\base\t1enc.def"
File: t1enc.def 2005/09/27 v1.99g Standard LaTeX file
LaTeX Font Info:    Redeclaring font encoding T1 on input line 43.
))
("C:\Program Files\MiKTeX 2.9\tex\latex\listings\listings.sty"
("C:\Program Files\MiKTeX 2.9\tex\latex\graphics\keyval.sty"
Package: keyval 1999/03/16 v1.13 key=value parser (DPC)
\KV@toks@=\toks16
)
\lst@mode=\count88
\lst@gtempboxa=\box26
\lst@token=\toks17
\lst@length=\count89
\lst@currlwidth=\dimen104
\lst@column=\count90
\lst@pos=\count91
\lst@lostspace=\dimen105
\lst@width=\dimen106
\lst@newlines=\count92
\lst@lineno=\count93
\lst@maxwidth=\dimen107

("C:\Program Files\MiKTeX 2.9\tex\latex\listings\lstmisc.sty"
File: lstmisc.sty 2013/08/05 1.5a (Carsten Heinz)
\c@lstnumber=\count94
\lst@skipnumbers=\count95
\lst@framebox=\box27
)
("C:\Program Files\MiKTeX 2.9\tex\latex\listings\listings.cfg"
File: listings.cfg 2013/08/05 1.5a listings configuration
))
Package: listings 2013/08/05 1.5a (Carsten Heinz)

("C:\Program Files\MiKTeX 2.9\tex\latex\graphics\color.sty"
Package: color 2005/11/14 v1.0j Standard LaTeX Color (DPC)

("C:\Program Files\MiKTeX 2.9\tex\latex\00miktex\color.cfg"
File: color.cfg 2007/01/18 v1.5 color configuration of teTeX/TeXLive
)
Package color Info: Driver file: pdftex.def on input line 130.

("C:\Program Files\MiKTeX 2.9\tex\latex\pdftex-def\pdftex.def"
File: pdftex.def 2011/05/27 v0.06d Graphics/color for pdfTeX

("C:\Program Files\MiKTeX 2.9\tex\generic\oberdiek\infwarerr.sty"
Package: infwarerr 2010/04/08 v1.3 Providing info/warning/error messages (HO)
)
("C:\Program Files\MiKTeX 2.9\tex\generic\oberdiek\ltxcmds.sty"
Package: ltxcmds 2011/11/09 v1.22 LaTeX kernel commands for general use (HO)
)
\Gread@gobject=\count96
))
("C:\Program Files\MiKTeX 2.9\tex\latex\morefloats\morefloats.sty"
Package: morefloats 2012/01/28 v1.0f Raise limit of unprocessed floats (HMM; DH
)

("C:\Program Files\MiKTeX 2.9\tex\latex\oberdiek\kvoptions.sty"
Package: kvoptions 2011/06/30 v3.11 Key value format for package options (HO)

("C:\Program Files\MiKTeX 2.9\tex\generic\oberdiek\kvsetkeys.sty"
Package: kvsetkeys 2012/04/25 v1.16 Key value parser (HO)

("C:\Program Files\MiKTeX 2.9\tex\generic\oberdiek\etexcmds.sty"
Package: etexcmds 2011/02/16 v1.5 Avoid name clashes with e-TeX commands (HO)

("C:\Program Files\MiKTeX 2.9\tex\generic\oberdiek\ifluatex.sty"
Package: ifluatex 2010/03/01 v1.3 Provides the ifluatex switch (HO)
Package ifluatex Info: LuaTeX not detected.
)
Package etexcmds Info: Could not find \expanded.
(etexcmds)             That can mean that you are not using pdfTeX 1.50 or
(etexcmds)             that some package has redefined \expanded.
(etexcmds)             In the latter case, load this package earlier.
)))
Package morefloats Info: Maximum number of possible floats asked for: 36.
(morefloats)             LaTeX might run out of memory before this
(morefloats)             (in which case it will notify you).
(morefloats)              on input line 171.
\bx@S=\insert233
\bx@T=\insert232
\bx@U=\insert231
\bx@V=\insert230
\bx@W=\insert229
\bx@X=\insert228
\bx@Y=\insert227
\bx@Z=\insert226
\bx@AA=\insert225
\bx@AB=\insert224
\bx@AC=\insert223
\bx@AD=\insert222
\bx@AE=\insert221
\bx@AF=\insert220
\bx@AG=\insert219
\bx@AH=\insert218
\bx@AI=\insert217
\bx@AJ=\insert216
)
("C:\Program Files\MiKTeX 2.9\tex\latex\amsmath\amsmath.sty"
Package: amsmath 2013/01/14 v2.14 AMS math features
\@mathmargin=\skip43

For additional information on amsmath, use the `?' option.
("C:\Program Files\MiKTeX 2.9\tex\latex\amsmath\amstext.sty"
Package: amstext 2000/06/29 v2.01

("C:\Program Files\MiKTeX 2.9\tex\latex\amsmath\amsgen.sty"
File: amsgen.sty 1999/11/30 v2.0
\@emptytoks=\toks18
\ex@=\dimen108
))
("C:\Program Files\MiKTeX 2.9\tex\latex\amsmath\amsbsy.sty"
Package: amsbsy 1999/11/29 v1.2d
\pmbraise@=\dimen109
)
("C:\Program Files\MiKTeX 2.9\tex\latex\amsmath\amsopn.sty"
Package: amsopn 1999/12/14 v2.01 operator names
)
\inf@bad=\count97
LaTeX Info: Redefining \frac on input line 210.
\uproot@=\count98
\leftroot@=\count99
LaTeX Info: Redefining \overline on input line 306.
\classnum@=\count100
\DOTSCASE@=\count101
LaTeX Info: Redefining \ldots on input line 378.
LaTeX Info: Redefining \dots on input line 381.
LaTeX Info: Redefining \cdots on input line 466.
\Mathstrutbox@=\box28
\strutbox@=\box29
\big@size=\dimen110
LaTeX Font Info:    Redeclaring font encoding OML on input line 566.
LaTeX Font Info:    Redeclaring font encoding OMS on input line 567.
\macc@depth=\count102
\c@MaxMatrixCols=\count103
\dotsspace@=\muskip10
\c@parentequation=\count104
\dspbrk@lvl=\count105
\tag@help=\toks19
\row@=\count106
\column@=\count107
\maxfields@=\count108
\andhelp@=\toks20
\eqnshift@=\dimen111
\alignsep@=\dimen112
\tagshift@=\dimen113
\tagwidth@=\dimen114
\totwidth@=\dimen115
\lineht@=\dimen116
\@envbody=\toks21
\multlinegap=\skip44
\multlinetaggap=\skip45
\mathdisplay@stack=\toks22
LaTeX Info: Redefining \[ on input line 2665.
LaTeX Info: Redefining \] on input line 2666.
)
("C:\Program Files\MiKTeX 2.9\tex\latex\float\float.sty"
Package: float 2001/11/08 v1.3d Float enhancements (AL)
\c@float@type=\count109
\float@exts=\toks23
\float@box=\box30
\@float@everytoks=\toks24
\@floatcapt=\box31
)
("C:\Program Files\MiKTeX 2.9\tex\latex\graphics\graphicx.sty"
Package: graphicx 1999/02/16 v1.0f Enhanced LaTeX Graphics (DPC,SPQR)

("C:\Program Files\MiKTeX 2.9\tex\latex\graphics\graphics.sty"
Package: graphics 2009/02/05 v1.0o Standard LaTeX Graphics (DPC,SPQR)

("C:\Program Files\MiKTeX 2.9\tex\latex\graphics\trig.sty"
Package: trig 1999/03/16 v1.09 sin cos tan (DPC)
)
("C:\Program Files\MiKTeX 2.9\tex\latex\00miktex\graphics.cfg"
File: graphics.cfg 2007/01/18 v1.5 graphics configuration of teTeX/TeXLive
)
Package graphics Info: Driver file: pdftex.def on input line 91.
)
\Gin@req@height=\dimen117
\Gin@req@width=\dimen118
)
\@float@every@table=\toks25

("C:\Users\matthias\Dropbox\cienciaDaComputacao\3° Semestre\Alpro III\T2 Alpro
 III\t2.aux")
LaTeX Font Info:    Checking defaults for OML/cmm/m/it on input line 40.
LaTeX Font Info:    ... okay on input line 40.
LaTeX Font Info:    Checking defaults for T1/cmr/m/n on input line 40.
LaTeX Font Info:    ... okay on input line 40.
LaTeX Font Info:    Checking defaults for OT1/cmr/m/n on input line 40.
LaTeX Font Info:    ... okay on input line 40.
LaTeX Font Info:    Checking defaults for OMS/cmsy/m/n on input line 40.
LaTeX Font Info:    ... okay on input line 40.
LaTeX Font Info:    Checking defaults for OMX/cmex/m/n on input line 40.
LaTeX Font Info:    ... okay on input line 40.
LaTeX Font Info:    Checking defaults for U/cmr/m/n on input line 40.
LaTeX Font Info:    ... okay on input line 40.
\c@lstlisting=\count110
 ("C:\Program Files\MiKTeX 2.9\tex\context\base\supp-pdf.mkii"
[Loading MPS to PDF converter (version 2006.09.02).]
\scratchcounter=\count111
\scratchdimen=\dimen119
\scratchbox=\box32
\nofMPsegments=\count112
\nofMParguments=\count113
\everyMPshowfont=\toks26
\MPscratchCnt=\count114
\MPscratchDim=\dimen120
\MPnumerator=\count115
\makeMPintoPDFobject=\count116
\everyMPtoPDFconversion=\toks27
)
LaTeX Font Info:    Try loading font information for T1+cmtt on input line 58.
 ("C:\Program Files\MiKTeX 2.9\tex\latex\base\t1cmtt.fd"
File: t1cmtt.fd 1999/05/25 v2.5h Standard LaTeX font definitions
) [1

{C:/ProgramData/MiKTeX/2.9/pdftex/config/pdftex.map}] [2]
<graphA.png, id=16, 466.74374pt x 345.54094pt>
File: graphA.png Graphic file (type png)
 <use graphA.png>
Package pdftex.def Info: graphA.png used on input line 121.
(pdftex.def)             Requested size: 284.52756pt x 210.64784pt.
 [3]
<graphB.png, id=22, 466.74374pt x 345.54094pt>
File: graphB.png Graphic file (type png)
 <use graphB.png>
Package pdftex.def Info: graphB.png used on input line 128.
(pdftex.def)             Requested size: 284.52756pt x 210.64784pt.

<graphE.png, id=23, 466.74374pt x 345.54094pt>
File: graphE.png Graphic file (type png)
 <use graphE.png>
Package pdftex.def Info: graphE.png used on input line 137.
(pdftex.def)             Requested size: 284.52756pt x 210.64784pt.
 [4 <C:/Users/matthias/Dropbox/cienciaDaComputacao/3° Semestre/Alpro III/T2 Al
pro III/graphA.png> <C:/Users/matthias/Dropbox/cienciaDaComputacao/3° Semestre
/Alpro III/T2 Alpro III/graphB.png>] <graphF.png, id=27, 557.08125pt x 345.5409
4pt>
File: graphF.png Graphic file (type png)

<use graphF.png>
Package pdftex.def Info: graphF.png used on input line 144.
(pdftex.def)             Requested size: 284.52756pt x 176.48717pt.
 <graphGr.png, id=28, 599.99156pt x 345.54094pt>
File: graphGr.png Graphic file (type png)

<use graphGr.png>
Package pdftex.def Info: graphGr.png used on input line 151.
(pdftex.def)             Requested size: 284.52756pt x 163.86475pt.
 [5 <C:/Users/matthias/Dropbox/cienciaDaComputacao/3° Semestre/Alpro III/T2 Al
pro III/graphE.png> <C:/Users/matthias/Dropbox/cienciaDaComputacao/3° Semestre
/Alpro III/T2 Alpro III/graphF.png>]
<graphFr.png, id=32, 570.63188pt x 345.54094pt>
File: graphFr.png Graphic file (type png)
 <use graphFr.png>
Package pdftex.def Info: graphFr.png used on input line 158.
(pdftex.def)             Requested size: 284.52756pt x 172.29024pt.

<graphCrDrEr.png, id=33, 464.4853pt x 345.54094pt>
File: graphCrDrEr.png Graphic file (type png)
 <use graphCrDrEr.png>
Package pdftex.def Info: graphCrDrEr.png used on input line 165.
(pdftex.def)             Requested size: 284.52756pt x 211.67072pt.

[6 <C:/Users/matthias/Dropbox/cienciaDaComputacao/3° Semestre/Alpro III/T2 Alp
ro III/graphGr.png> <C:/Users/matthias/Dropbox/cienciaDaComputacao/3° Semestre
/Alpro III/T2 Alpro III/graphFr.png>]
<graphBr.png, id=37, 463.7325pt x 345.54094pt>
File: graphBr.png Graphic file (type png)
 <use graphBr.png>
Package pdftex.def Info: graphBr.png used on input line 172.
(pdftex.def)             Requested size: 284.52756pt x 212.01343pt.

<graphAr.png, id=38, 462.22687pt x 345.54094pt>
File: graphAr.png Graphic file (type png)
 <use graphAr.png>
Package pdftex.def Info: graphAr.png used on input line 179.
(pdftex.def)             Requested size: 284.52756pt x 212.69885pt.
 [7 <C:/Users/matthias/Dropbox/cienciaDaComputacao/3° Semestre/Alpro III/T2 Al
pro III/graphCrDrEr.png> <C:/Users/matthias/Dropbox/cienciaDaComputacao/3° Sem
estre/Alpro III/T2 Alpro III/graphBr.png>] <graph.png, id=43, 466.74374pt x 294
.34969pt>
File: graph.png Graphic file (type png)

<use graph.png>
Package pdftex.def Info: graph.png used on input line 194.
(pdftex.def)             Requested size: 284.52756pt x 179.44075pt.
 [8 <C:/Users/matthias/Dropbox/cienciaDaComputacao/3° Semestre/Alpro III/T2 Al
pro III/graphAr.png>] [9 <C:/Users/matthias/Dropbox/cienciaDaComputacao/3° Sem
estre/Alpro III/T2 Alpro III/graph.png>]
<grafo.png, id=52, 464.4853pt x 297.36093pt>
File: grafo.png Graphic file (type png)
 <use grafo.png>
Package pdftex.def Info: grafo.png used on input line 215.
(pdftex.def)             Requested size: 284.52756pt x 182.15671pt.
 [10 <C:/Users/matthias/Dropbox/cienciaDaComputacao/3° Semestre/Alpro III/T2 A
lpro III/grafo.png>] [11]
Overfull \hbox (18.38159pt too wide) in paragraph at lines 279--340
 [][] 
 []

[12]
Overfull \hbox (20.53104pt too wide) in paragraph at lines 349--420
 [][] 
 []

[13] [14] [15]
("C:\Users\matthias\Dropbox\cienciaDaComputacao\3° Semestre\Alpro III\T2 Alpro
 III\t2.aux") ) 
Here is how much of TeX's memory you used:
 4506 strings out of 493921
 57065 string characters out of 3147273
 144494 words of memory out of 3000000
 7733 multiletter control sequences out of 15000+200000
 14904 words of font info for 40 fonts, out of 3000000 for 9000
 841 hyphenation exceptions out of 8191
 36i,8n,32p,999b,1606s stack positions out of 5000i,500n,10000p,200000b,50000s
 <C:\Users\matthias\AppData\Local\MiKTeX\2.9\fonts\pk\ljfour\jkn
appen\ec\dpi600\ecbx1440.pk> <C:\Users\matthias\AppData\Local\MiKTeX\2.9\fonts\
pk\ljfour\jknappen\ec\dpi600\ectt1095.pk> <C:\Users\matthias\AppData\Local\MiKT
eX\2.9\fonts\pk\ljfour\jknappen\ec\dpi600\ecrm1200.pk> <C:\Users\matthias\AppDa
ta\Local\MiKTeX\2.9\fonts\pk\ljfour\jknappen\ec\dpi600\ecbx1728.pk> <C:\Users\m
atthias\AppData\Local\MiKTeX\2.9\fonts\pk\ljfour\jknappen\ec\dpi600\ecrm1095.pk
> <C:\Users\matthias\AppData\Local\MiKTeX\2.9\fonts\pk\ljfour\jknappen\ec\dpi60
0\ecbx1095.pk> <C:\Users\matthias\AppData\Local\MiKTeX\2.9\fonts\pk\ljfour\jkna
ppen\ec\dpi600\ecrm1440.pk> <C:\Users\matthias\AppData\Local\MiKTeX\2.9\fonts\p
k\ljfour\jknappen\ec\dpi600\ecrm2074.pk><C:/Program Files/MiKTeX 2.9/fonts/type
1/public/amsfonts/cm/cmmi12.pfb><C:/Program Files/MiKTeX 2.9/fonts/type1/public
/amsfonts/cm/cmsy10.pfb>
Output written on t2.pdf (15 pages, 205033 bytes).
PDF statistics:
 372 PDF objects out of 1000 (max. 8388607)
 0 named destinations out of 1000 (max. 500000)
 56 words of extra memory for PDF output out of 10000 (max. 10000000)

